[      68ms] [LOG] Angular is running in development mode. @ http://localhost:4200/@fs/C:/Coding/prompt-kit-ng/prompt-kit-ng/.angular/cache/21.2.9/demo/vite/deps/chunk-KO7E5W4S.js?v=66edbfe5:17663
[     143ms] [ERROR] ERROR RuntimeError: NG0201: No provider for InjectionToken @spartan-ng EXPOSES_STATE_TOKEN found in NodeInjector. Find more at https://v21.angular.dev/errors/NG0201
    at throwProviderNotFoundError (http://localhost:4200/@fs/C:/Coding/prompt-kit-ng/prompt-kit-ng/.angular/cache/21.2.9/demo/vite/deps/chunk-KO7E5W4S.js?v=66edbfe5:4410:9)
    at notFoundValueOrThrow (http://localhost:4200/@fs/C:/Coding/prompt-kit-ng/prompt-kit-ng/.angular/cache/21.2.9/demo/vite/deps/chunk-KO7E5W4S.js?v=66edbfe5:7624:5)
    at lookupTokenUsingModuleInjector (http://localhost:4200/@fs/C:/Coding/prompt-kit-ng/prompt-kit-ng/.angular/cache/21.2.9/demo/vite/deps/chunk-KO7E5W4S.js?v=66edbfe5:7644:10)
    at getOrCreateInjectable (http://localhost:4200/@fs/C:/Coding/prompt-kit-ng/prompt-kit-ng/.angular/cache/21.2.9/demo/vite/deps/chunk-KO7E5W4S.js?v=66edbfe5:7659:10)
    at ɵɵdirectiveInject (http://localhost:4200/@fs/C:/Coding/prompt-kit-ng/prompt-kit-ng/.angular/cache/21.2.9/demo/vite/deps/chunk-KO7E5W4S.js?v=66edbfe5:14483:17)
    at ɵɵinject (http://localhost:4200/@fs/C:/Coding/prompt-kit-ng/prompt-kit-ng/.angular/cache/21.2.9/demo/vite/deps/chunk-KO7E5W4S.js?v=66edbfe5:4514:59)
    at inject2 (http://localhost:4200/@fs/C:/Coding/prompt-kit-ng/prompt-kit-ng/.angular/cache/21.2.9/demo/vite/deps/chunk-KO7E5W4S.js?v=66edbfe5:4523:10)
    at injectFn (http://localhost:4200/@fs/C:/Coding/prompt-kit-ng/prompt-kit-ng/.angular/cache/21.2.9/demo/vite/deps/chunk-ZXLLHYQU.js?v=66edbfe5:79:12)
    at <instance_members_initializer> (http://localhost:4200/chunk-C5X3QJTA.js:277:20)
    at new _HlmSheetContent (http://localhost:4200/chunk-C5X3QJTA.js:286:14) @ http://localhost:4200/@fs/C:/Coding/prompt-kit-ng/prompt-kit-ng/.angular/cache/21.2.9/demo/vite/deps/chunk-KO7E5W4S.js?v=66edbfe5:6398
[   14184ms] [LOG] Angular is running in development mode. @ http://localhost:4200/@fs/C:/Coding/prompt-kit-ng/prompt-kit-ng/.angular/cache/21.2.9/demo/vite/deps/chunk-KO7E5W4S.js?v=66edbfe5:17663
[   14213ms] [ERROR] ERROR RuntimeError: NG0201: No provider for InjectionToken @spartan-ng EXPOSES_STATE_TOKEN found in NodeInjector. Find more at https://v21.angular.dev/errors/NG0201
    at throwProviderNotFoundError (http://localhost:4200/@fs/C:/Coding/prompt-kit-ng/prompt-kit-ng/.angular/cache/21.2.9/demo/vite/deps/chunk-KO7E5W4S.js?v=66edbfe5:4410:9)
    at notFoundValueOrThrow (http://localhost:4200/@fs/C:/Coding/prompt-kit-ng/prompt-kit-ng/.angular/cache/21.2.9/demo/vite/deps/chunk-KO7E5W4S.js?v=66edbfe5:7624:5)
    at lookupTokenUsingModuleInjector (http://localhost:4200/@fs/C:/Coding/prompt-kit-ng/prompt-kit-ng/.angular/cache/21.2.9/demo/vite/deps/chunk-KO7E5W4S.js?v=66edbfe5:7644:10)
    at getOrCreateInjectable (http://localhost:4200/@fs/C:/Coding/prompt-kit-ng/prompt-kit-ng/.angular/cache/21.2.9/demo/vite/deps/chunk-KO7E5W4S.js?v=66edbfe5:7659:10)
    at ɵɵdirectiveInject (http://localhost:4200/@fs/C:/Coding/prompt-kit-ng/prompt-kit-ng/.angular/cache/21.2.9/demo/vite/deps/chunk-KO7E5W4S.js?v=66edbfe5:14483:17)
    at ɵɵinject (http://localhost:4200/@fs/C:/Coding/prompt-kit-ng/prompt-kit-ng/.angular/cache/21.2.9/demo/vite/deps/chunk-KO7E5W4S.js?v=66edbfe5:4514:59)
    at inject2 (http://localhost:4200/@fs/C:/Coding/prompt-kit-ng/prompt-kit-ng/.angular/cache/21.2.9/demo/vite/deps/chunk-KO7E5W4S.js?v=66edbfe5:4523:10)
    at injectFn (http://localhost:4200/@fs/C:/Coding/prompt-kit-ng/prompt-kit-ng/.angular/cache/21.2.9/demo/vite/deps/chunk-ZXLLHYQU.js?v=66edbfe5:79:12)
    at <instance_members_initializer> (http://localhost:4200/chunk-C5X3QJTA.js:277:20)
    at new _HlmSheetContent (http://localhost:4200/chunk-C5X3QJTA.js:286:14) @ http://localhost:4200/@fs/C:/Coding/prompt-kit-ng/prompt-kit-ng/.angular/cache/21.2.9/demo/vite/deps/chunk-KO7E5W4S.js?v=66edbfe5:6398
[   51829ms] [LOG] Angular is running in development mode. @ http://localhost:4200/@fs/C:/Coding/prompt-kit-ng/prompt-kit-ng/.angular/cache/21.2.9/demo/vite/deps/chunk-KO7E5W4S.js?v=66edbfe5:17663
[   53302ms] [LOG] Angular is running in development mode. @ http://localhost:4200/@fs/C:/Coding/prompt-kit-ng/prompt-kit-ng/.angular/cache/21.2.9/demo/vite/deps/chunk-EGMOF4R2.js?v=03be9ce1:15010
